Using pre-set license
Built from '2020.3/staging' branch; Version is '2020.3.21f1 (a38c86f6690f) revision 10718342'; Using compiler version '192528614'; Build Type 'Release'
OS: 'Windows 10 Education; OS build 19042.1288; Version 2009; 64bit' Language: 'en' Physical Memory: 16326 MB
BatchMode: 1, IsHumanControllingUs: 0, StartBugReporterOnCrash: 0, Is64bit: 1, IsPro: 0

COMMAND LINE ARGUMENTS:
F:\Unity\Editor\Unity.exe
-adb2
-batchMode
-noUpm
-name
AssetImportWorker0
-projectPath
F:/unity_games/TotalyNotMonitaized
-logFile
Logs/AssetImportWorker0.log
-srvPort
55440
Successfully changed project path to: F:/unity_games/TotalyNotMonitaized
F:/unity_games/TotalyNotMonitaized
Using Asset Import Pipeline V2.
Refreshing native plugins compatible for Editor in 33.80 ms, found 3 plugins.
Preloading 0 native plugins for Editor in 0.00 ms.
Initialize engine version: 2020.3.21f1 (a38c86f6690f)
[Subsystems] Discovering subsystems at path F:/Unity/Editor/Data/Resources/UnitySubsystems
[Subsystems] Discovering subsystems at path F:/unity_games/TotalyNotMonitaized/Assets
GfxDevice: creating device client; threaded=0
Direct3D:
    Version:  Direct3D 11.0 [level 11.1]
    Renderer: NVIDIA GeForce RTX 2060 SUPER (ID=0x1f06)
    Vendor:   
    VRAM:     8031 MB
    Driver:   30.0.14.7111
Initialize mono
Mono path[0] = 'F:/Unity/Editor/Data/Managed'
Mono path[1] = 'F:/Unity/Editor/Data/MonoBleedingEdge/lib/mono/unityjit'
Mono config path = 'F:/Unity/Editor/Data/MonoBleedingEdge/etc'
Using monoOptions --debugger-agent=transport=dt_socket,embedding=1,server=y,suspend=n,address=127.0.0.1:56388
Begin MonoManager ReloadAssembly
Registering precompiled unity dll's ...
Register platform support module: F:/Unity/Editor/Data/PlaybackEngines/WindowsStandaloneSupport/UnityEditor.WindowsStandalone.Extensions.dll
Registered in 0.000788 seconds.
Native extension for WindowsStandalone target not found
Refreshing native plugins compatible for Editor in 34.93 ms, found 3 plugins.
Preloading 0 native plugins for Editor in 0.00 ms.
Mono: successfully reloaded assembly
- Completed reload, in  0.766 seconds
Domain Reload Profiling:
	ReloadAssembly (766ms)
		BeginReloadAssembly (42ms)
			ExecutionOrderSort (0ms)
			DisableScriptedObjects (0ms)
			BackupInstance (0ms)
			ReleaseScriptingObjects (0ms)
			CreateAndSetChildDomain (1ms)
		EndReloadAssembly (392ms)
			LoadAssemblies (41ms)
			RebuildTransferFunctionScriptingTraits (0ms)
			SetupTypeCache (127ms)
			ReleaseScriptCaches (0ms)
			RebuildScriptCaches (25ms)
			SetupLoadedEditorAssemblies (138ms)
				LogAssemblyErrors (0ms)
				InitializePlatformSupportModulesInManaged (3ms)
				SetLoadedEditorAssemblies (0ms)
				RefreshPlugins (35ms)
				BeforeProcessingInitializeOnLoad (13ms)
				ProcessInitializeOnLoadAttributes (64ms)
				ProcessInitializeOnLoadMethodAttributes (22ms)
				AfterProcessingInitializeOnLoad (0ms)
				EditorAssembliesLoaded (0ms)
			ExecutionOrderSort2 (0ms)
			AwakeInstancesAfterBackupRestoration (0ms)
Platform modules already initialized, skipping
Registering precompiled user dll's ...
Registered in 0.002521 seconds.
Begin MonoManager ReloadAssembly
Native extension for WindowsStandalone target not found
Refreshing native plugins compatible for Editor in 35.15 ms, found 3 plugins.
Preloading 0 native plugins for Editor in 0.00 ms.
Mono: successfully reloaded assembly
- Completed reload, in  0.878 seconds
Domain Reload Profiling:
	ReloadAssembly (879ms)
		BeginReloadAssembly (113ms)
			ExecutionOrderSort (0ms)
			DisableScriptedObjects (4ms)
			BackupInstance (0ms)
			ReleaseScriptingObjects (0ms)
			CreateAndSetChildDomain (15ms)
		EndReloadAssembly (722ms)
			LoadAssemblies (71ms)
			RebuildTransferFunctionScriptingTraits (0ms)
			SetupTypeCache (240ms)
			ReleaseScriptCaches (0ms)
			RebuildScriptCaches (37ms)
			SetupLoadedEditorAssemblies (278ms)
				LogAssemblyErrors (0ms)
				InitializePlatformSupportModulesInManaged (3ms)
				SetLoadedEditorAssemblies (0ms)
				RefreshPlugins (35ms)
				BeforeProcessingInitializeOnLoad (63ms)
				ProcessInitializeOnLoadAttributes (161ms)
				ProcessInitializeOnLoadMethodAttributes (14ms)
				AfterProcessingInitializeOnLoad (2ms)
				EditorAssembliesLoaded (0ms)
			ExecutionOrderSort2 (0ms)
			AwakeInstancesAfterBackupRestoration (6ms)
Platform modules already initialized, skipping
========================================================================
Worker process is ready to serve import requests
Launched and connected shader compiler UnityShaderCompiler.exe after 0.03 seconds
Refreshing native plugins compatible for Editor in 0.43 ms, found 3 plugins.
Preloading 0 native plugins for Editor in 0.00 ms.
Unloading 2182 Unused Serialized files (Serialized files now loaded: 0)
System memory in use before: 95.4 MB.
System memory in use after: 95.5 MB.

Unloading 28 unused Assets to reduce memory usage. Loaded Objects now: 2615.
Total: 2.878600 ms (FindLiveObjects: 0.156900 ms CreateObjectMapping: 0.063600 ms MarkObjects: 2.580700 ms  DeleteObjects: 0.076700 ms)

AssetImportParameters requested are different than current active one (requested -> active):
  custom:framework-win-MediaFoundation: 216162199b28c13a410421893ffa2e32 -> 
  custom:video-decoder-ogg-theora: a1e56fd34408186e4bbccfd4996cb3dc -> 
  custom:container-muxer-webm: aa71ff27fc2769a1b78a27578f13a17b -> 
  custom:container-demuxer-webm: 4f35f7cbe854078d1ac9338744f61a02 -> 
  custom:container-demuxer-ogg: 62fdf1f143b41e24485cea50d1cbac27 -> 
  custom:video-encoder-webm-vp8: eb34c28f22e8b96e1ab97ce403110664 -> 
  custom:video-decoder-webm-vp8: 9c59270c3fd7afecdb556c50c9e8de78 -> 
  custom:audio-decoder-ogg-vorbis: bf7c407c2cedff20999df2af8eb42d56 -> 
  custom:audio-encoder-webm-vorbis: bf7c407c2cedff20999df2af8eb42d56 -> 
========================================================================
Received Import Request.
  path: Assets/Scenes
  artifactKey: Guid(a70b9fee06ef68c4eae039b72cce7e81) Importer(815301076,1909f56bfc062723c751e8b465ee728b)
Start importing Assets/Scenes using Guid(a70b9fee06ef68c4eae039b72cce7e81) Importer(815301076,1909f56bfc062723c751e8b465ee728b)  -> (artifact id: 'd55dd4aeb14004f1adccf515e53a1993') in 0.003252 seconds 
  Import took 0.005581 seconds .

========================================================================
Received Import Request.
  Time since last request: 5.631081 seconds.
  path: Assets
  artifactKey: Guid(00000000000000001000000000000000) Importer(815301076,1909f56bfc062723c751e8b465ee728b)
Start importing Assets using Guid(00000000000000001000000000000000) Importer(815301076,1909f56bfc062723c751e8b465ee728b)  -> (artifact id: '42d402b061de3733987d63b9cc3b64de') in 0.001134 seconds 
  Import took 0.004314 seconds .

========================================================================
Received Import Request.
  Time since last request: 6.228314 seconds.
  path: Assets/Sprites
  artifactKey: Guid(977856081b620c34d9b18c6cf18ad4d4) Importer(815301076,1909f56bfc062723c751e8b465ee728b)
Start importing Assets/Sprites using Guid(977856081b620c34d9b18c6cf18ad4d4) Importer(815301076,1909f56bfc062723c751e8b465ee728b)  -> (artifact id: 'aa887cef7fea1f4230b1af2633da7ae0') in 0.002164 seconds 
  Import took 0.005415 seconds .

========================================================================
Received Import Request.
  Time since last request: 46.004302 seconds.
  path: Assets/Sprites/basictiles.png
  artifactKey: Guid(af7f06437895c1e43b212f16841a59a7) Importer(815301076,1909f56bfc062723c751e8b465ee728b)
Start importing Assets/Sprites/basictiles.png using Guid(af7f06437895c1e43b212f16841a59a7) Importer(815301076,1909f56bfc062723c751e8b465ee728b)  -> (artifact id: 'a7f44639cad9ded5ce4fb161c33c796e') in 0.149374 seconds 
  Import took 0.152961 seconds .

========================================================================
Received Import Request.
  Time since last request: 0.000343 seconds.
  path: Assets/Sprites/characters.png
  artifactKey: Guid(8a8351f87ccc7034ea132448d10da689) Importer(815301076,1909f56bfc062723c751e8b465ee728b)
Start importing Assets/Sprites/characters.png using Guid(8a8351f87ccc7034ea132448d10da689) Importer(815301076,1909f56bfc062723c751e8b465ee728b)  -> (artifact id: 'e49648089144f39b56d9dd0434bc1079') in 0.012114 seconds 
  Import took 0.014930 seconds .

========================================================================
Received Import Request.
  Time since last request: 12.294309 seconds.
  path: Assets/Sprites/basictiles.png
  artifactKey: Guid(af7f06437895c1e43b212f16841a59a7) Importer(815301076,1909f56bfc062723c751e8b465ee728b)
Start importing Assets/Sprites/basictiles.png using Guid(af7f06437895c1e43b212f16841a59a7) Importer(815301076,1909f56bfc062723c751e8b465ee728b)  -> (artifact id: 'f3a898b71072eb7b97847d24baaa44e1') in 0.012986 seconds 
  Import took 0.016708 seconds .

========================================================================
Received Import Request.
  Time since last request: 34.034679 seconds.
  path: Assets/Sprites/basictiles.png
  artifactKey: Guid(af7f06437895c1e43b212f16841a59a7) Importer(815301076,1909f56bfc062723c751e8b465ee728b)
Start importing Assets/Sprites/basictiles.png using Guid(af7f06437895c1e43b212f16841a59a7) Importer(815301076,1909f56bfc062723c751e8b465ee728b)  -> (artifact id: '1bf13b2e1d25212cfd757a7637b0fc91') in 0.011249 seconds 
  Import took 0.014849 seconds .

========================================================================
Received Import Request.
  Time since last request: 5.393084 seconds.
  path: Assets/Sprites/characters.png
  artifactKey: Guid(8a8351f87ccc7034ea132448d10da689) Importer(815301076,1909f56bfc062723c751e8b465ee728b)
Start importing Assets/Sprites/characters.png using Guid(8a8351f87ccc7034ea132448d10da689) Importer(815301076,1909f56bfc062723c751e8b465ee728b)  -> (artifact id: 'dd1b4bcc66757f14685b3ce7f75b7b02') in 0.016210 seconds 
  Import took 0.019259 seconds .

========================================================================
Received Import Request.
  Time since last request: 3.788345 seconds.
  path: Assets/Sprites/characters.png
  artifactKey: Guid(8a8351f87ccc7034ea132448d10da689) Importer(815301076,1909f56bfc062723c751e8b465ee728b)
Start importing Assets/Sprites/characters.png using Guid(8a8351f87ccc7034ea132448d10da689) Importer(815301076,1909f56bfc062723c751e8b465ee728b)  -> (artifact id: '60bacafcc940f3c74d73955dec279a9b') in 0.011899 seconds 
  Import took 0.015240 seconds .

========================================================================
Received Import Request.
  Time since last request: 32.429497 seconds.
  path: Assets/Sprites/basictiles.png
  artifactKey: Guid(af7f06437895c1e43b212f16841a59a7) Importer(815301076,1909f56bfc062723c751e8b465ee728b)
Start importing Assets/Sprites/basictiles.png using Guid(af7f06437895c1e43b212f16841a59a7) Importer(815301076,1909f56bfc062723c751e8b465ee728b)  -> (artifact id: 'e2ec375bdc97f649fb328a97dfb36d8c') in 0.210610 seconds 
  Import took 0.213815 seconds .

========================================================================
Received Import Request.
  Time since last request: 8.666654 seconds.
  path: Assets/Sprites/characters.png
  artifactKey: Guid(8a8351f87ccc7034ea132448d10da689) Importer(815301076,1909f56bfc062723c751e8b465ee728b)
Start importing Assets/Sprites/characters.png using Guid(8a8351f87ccc7034ea132448d10da689) Importer(815301076,1909f56bfc062723c751e8b465ee728b)  -> (artifact id: '50d25376bd3882f5df1098fe3f31f276') in 0.209566 seconds 
  Import took 0.212697 seconds .

========================================================================
Received Import Request.
  Time since last request: 143.411346 seconds.
  path: ProjectSettings/TagManager.asset
  artifactKey: Guid(00000000000000003000000000000000) Importer(815301076,1909f56bfc062723c751e8b465ee728b)
Start importing ProjectSettings/TagManager.asset using Guid(00000000000000003000000000000000) Importer(815301076,1909f56bfc062723c751e8b465ee728b)  -> (artifact id: '95df672b4aaba54310d34c83eef51bb8') in 0.002970 seconds 
  Import took 0.005842 seconds .

========================================================================
Received Import Request.
  Time since last request: 619.018011 seconds.
  path: Assets/Sprites/basictiles.png
  artifactKey: Guid(af7f06437895c1e43b212f16841a59a7) Importer(815301076,1909f56bfc062723c751e8b465ee728b)
Start importing Assets/Sprites/basictiles.png using Guid(af7f06437895c1e43b212f16841a59a7) Importer(815301076,1909f56bfc062723c751e8b465ee728b)  -> (artifact id: 'c401a5dc4df1a3247a105fd108756c74') in 0.311451 seconds 
  Import took 0.315742 seconds .

========================================================================
Received Import Request.
  Time since last request: 74.652669 seconds.
  path: Assets/Animations/Player
  artifactKey: Guid(1e0a7fb5c5d3f5d4bba8486eded50649) Importer(815301076,1909f56bfc062723c751e8b465ee728b)
Start importing Assets/Animations/Player using Guid(1e0a7fb5c5d3f5d4bba8486eded50649) Importer(815301076,1909f56bfc062723c751e8b465ee728b)  -> (artifact id: '5d5e5a4daaf2ed627222b6634cf94f4e') in 0.002025 seconds 
  Import took 0.005346 seconds .

========================================================================
Received Import Request.
  Time since last request: 70.955857 seconds.
  path: Assets/Scripts
  artifactKey: Guid(116bfbeffab48e84da91ea1a75f498e8) Importer(815301076,1909f56bfc062723c751e8b465ee728b)
Start importing Assets/Scripts using Guid(116bfbeffab48e84da91ea1a75f498e8) Importer(815301076,1909f56bfc062723c751e8b465ee728b)  -> (artifact id: '6a299842a7c974d80cddc6622f691855') in 0.002208 seconds 
  Import took 0.006375 seconds .

========================================================================
Received Import Request.
  Time since last request: 9.871798 seconds.
  path: Assets/Scripts/PlayerMovement.cs
  artifactKey: Guid(8a10cb4a26d9d7f4d99262903970a0f9) Importer(815301076,1909f56bfc062723c751e8b465ee728b)
Start importing Assets/Scripts/PlayerMovement.cs using Guid(8a10cb4a26d9d7f4d99262903970a0f9) Importer(815301076,1909f56bfc062723c751e8b465ee728b)  -> (artifact id: 'ecc911e29249cf3164a336709296ae9e') in 0.012583 seconds 
  Import took 0.016062 seconds .

========================================================================
Received Prepare
Registering precompiled user dll's ...
Registered in 0.002430 seconds.
Begin MonoManager ReloadAssembly
Native extension for WindowsStandalone target not found
Refreshing native plugins compatible for Editor in 0.43 ms, found 3 plugins.
Preloading 0 native plugins for Editor in 0.00 ms.
Mono: successfully reloaded assembly
- Completed reload, in  0.856 seconds
Domain Reload Profiling:
	ReloadAssembly (856ms)
		BeginReloadAssembly (106ms)
			ExecutionOrderSort (0ms)
			DisableScriptedObjects (5ms)
			BackupInstance (0ms)
			ReleaseScriptingObjects (0ms)
			CreateAndSetChildDomain (32ms)
		EndReloadAssembly (705ms)
			LoadAssemblies (69ms)
			RebuildTransferFunctionScriptingTraits (0ms)
			SetupTypeCache (245ms)
			ReleaseScriptCaches (1ms)
			RebuildScriptCaches (38ms)
			SetupLoadedEditorAssemblies (263ms)
				LogAssemblyErrors (0ms)
				InitializePlatformSupportModulesInManaged (4ms)
				SetLoadedEditorAssemblies (0ms)
				RefreshPlugins (0ms)
				BeforeProcessingInitializeOnLoad (68ms)
				ProcessInitializeOnLoadAttributes (179ms)
				ProcessInitializeOnLoadMethodAttributes (11ms)
				AfterProcessingInitializeOnLoad (2ms)
				EditorAssembliesLoaded (0ms)
			ExecutionOrderSort2 (0ms)
			AwakeInstancesAfterBackupRestoration (8ms)
Platform modules already initialized, skipping
Refreshing native plugins compatible for Editor in 0.43 ms, found 3 plugins.
Preloading 0 native plugins for Editor in 0.00 ms.
Unloading 2172 Unused Serialized files (Serialized files now loaded: 0)
System memory in use before: 97.8 MB.
System memory in use after: 97.9 MB.

Unloading 18 unused Assets to reduce memory usage. Loaded Objects now: 2628.
Total: 2.842300 ms (FindLiveObjects: 0.162800 ms CreateObjectMapping: 0.061500 ms MarkObjects: 2.593900 ms  DeleteObjects: 0.023100 ms)

AssetImportParameters requested are different than current active one (requested -> active):
  custom:framework-win-MediaFoundation: 216162199b28c13a410421893ffa2e32 -> 
  custom:video-decoder-ogg-theora: a1e56fd34408186e4bbccfd4996cb3dc -> 
  custom:container-muxer-webm: aa71ff27fc2769a1b78a27578f13a17b -> 
  custom:container-demuxer-webm: 4f35f7cbe854078d1ac9338744f61a02 -> 
  custom:container-demuxer-ogg: 62fdf1f143b41e24485cea50d1cbac27 -> 
  custom:video-encoder-webm-vp8: eb34c28f22e8b96e1ab97ce403110664 -> 
  custom:video-decoder-webm-vp8: 9c59270c3fd7afecdb556c50c9e8de78 -> 
  custom:audio-decoder-ogg-vorbis: bf7c407c2cedff20999df2af8eb42d56 -> 
  custom:audio-encoder-webm-vorbis: bf7c407c2cedff20999df2af8eb42d56 -> 
========================================================================
Received Import Request.
  Time since last request: 134.571629 seconds.
  path: Assets/Scripts/PlayerMovement.cs
  artifactKey: Guid(8a10cb4a26d9d7f4d99262903970a0f9) Importer(815301076,1909f56bfc062723c751e8b465ee728b)
Start importing Assets/Scripts/PlayerMovement.cs using Guid(8a10cb4a26d9d7f4d99262903970a0f9) Importer(815301076,1909f56bfc062723c751e8b465ee728b)  -> (artifact id: 'ad962497c00ca1c0149c46f35f5b9306') in 0.004607 seconds 
  Import took 0.008006 seconds .

========================================================================
Received Import Request.
  Time since last request: 24.962420 seconds.
  path: Assets/Scripts/PlayerMovement.cs
  artifactKey: Guid(8a10cb4a26d9d7f4d99262903970a0f9) Importer(815301076,1909f56bfc062723c751e8b465ee728b)
Start importing Assets/Scripts/PlayerMovement.cs using Guid(8a10cb4a26d9d7f4d99262903970a0f9) Importer(815301076,1909f56bfc062723c751e8b465ee728b)  -> (artifact id: '1ad7e3ff7352a7a06ceeaaaaaf2662ad') in 0.001357 seconds 
  Import took 0.004565 seconds .

========================================================================
Received Import Request.
  Time since last request: 17.359180 seconds.
  path: Assets/Scripts/PlayerMovement.cs
  artifactKey: Guid(8a10cb4a26d9d7f4d99262903970a0f9) Importer(815301076,1909f56bfc062723c751e8b465ee728b)
Start importing Assets/Scripts/PlayerMovement.cs using Guid(8a10cb4a26d9d7f4d99262903970a0f9) Importer(815301076,1909f56bfc062723c751e8b465ee728b)  -> (artifact id: 'e585f1513638043b44445194b51a87ec') in 0.001503 seconds 
  Import took 0.004834 seconds .

========================================================================
Received Import Request.
  Time since last request: 7.899131 seconds.
  path: Assets/Scripts/PlayerMovement.cs
  artifactKey: Guid(8a10cb4a26d9d7f4d99262903970a0f9) Importer(815301076,1909f56bfc062723c751e8b465ee728b)
Start importing Assets/Scripts/PlayerMovement.cs using Guid(8a10cb4a26d9d7f4d99262903970a0f9) Importer(815301076,1909f56bfc062723c751e8b465ee728b)  -> (artifact id: 'c48901789cf3063b4ee18091a777da19') in 0.001262 seconds 
  Import took 0.004224 seconds .

========================================================================
Received Prepare
Registering precompiled user dll's ...
Registered in 0.002601 seconds.
Begin MonoManager ReloadAssembly
Native extension for WindowsStandalone target not found
Refreshing native plugins compatible for Editor in 0.45 ms, found 3 plugins.
Preloading 0 native plugins for Editor in 0.00 ms.
Mono: successfully reloaded assembly
- Completed reload, in  0.805 seconds
Domain Reload Profiling:
	ReloadAssembly (806ms)
		BeginReloadAssembly (94ms)
			ExecutionOrderSort (0ms)
			DisableScriptedObjects (5ms)
			BackupInstance (0ms)
			ReleaseScriptingObjects (0ms)
			CreateAndSetChildDomain (30ms)
		EndReloadAssembly (668ms)
			LoadAssemblies (75ms)
			RebuildTransferFunctionScriptingTraits (0ms)
			SetupTypeCache (233ms)
			ReleaseScriptCaches (1ms)
			RebuildScriptCaches (34ms)
			SetupLoadedEditorAssemblies (247ms)
				LogAssemblyErrors (0ms)
				InitializePlatformSupportModulesInManaged (4ms)
				SetLoadedEditorAssemblies (0ms)
				RefreshPlugins (0ms)
				BeforeProcessingInitializeOnLoad (66ms)
				ProcessInitializeOnLoadAttributes (165ms)
				ProcessInitializeOnLoadMethodAttributes (9ms)
				AfterProcessingInitializeOnLoad (2ms)
				EditorAssembliesLoaded (0ms)
			ExecutionOrderSort2 (0ms)
			AwakeInstancesAfterBackupRestoration (7ms)
Platform modules already initialized, skipping
Refreshing native plugins compatible for Editor in 0.49 ms, found 3 plugins.
Preloading 0 native plugins for Editor in 0.00 ms.
Unloading 2172 Unused Serialized files (Serialized files now loaded: 0)
System memory in use before: 97.8 MB.
System memory in use after: 97.9 MB.

Unloading 17 unused Assets to reduce memory usage. Loaded Objects now: 2630.
Total: 3.038800 ms (FindLiveObjects: 0.228100 ms CreateObjectMapping: 0.077200 ms MarkObjects: 2.717300 ms  DeleteObjects: 0.015400 ms)

AssetImportParameters requested are different than current active one (requested -> active):
  custom:framework-win-MediaFoundation: 216162199b28c13a410421893ffa2e32 -> 
  custom:video-decoder-ogg-theora: a1e56fd34408186e4bbccfd4996cb3dc -> 
  custom:container-muxer-webm: aa71ff27fc2769a1b78a27578f13a17b -> 
  custom:container-demuxer-webm: 4f35f7cbe854078d1ac9338744f61a02 -> 
  custom:container-demuxer-ogg: 62fdf1f143b41e24485cea50d1cbac27 -> 
  custom:video-encoder-webm-vp8: eb34c28f22e8b96e1ab97ce403110664 -> 
  custom:video-decoder-webm-vp8: 9c59270c3fd7afecdb556c50c9e8de78 -> 
  custom:audio-decoder-ogg-vorbis: bf7c407c2cedff20999df2af8eb42d56 -> 
  custom:audio-encoder-webm-vorbis: bf7c407c2cedff20999df2af8eb42d56 -> 
========================================================================
Received Prepare
Registering precompiled user dll's ...
Registered in 0.002766 seconds.
Begin MonoManager ReloadAssembly
Native extension for WindowsStandalone target not found
Refreshing native plugins compatible for Editor in 0.48 ms, found 3 plugins.
Preloading 0 native plugins for Editor in 0.00 ms.
Mono: successfully reloaded assembly
- Completed reload, in  0.897 seconds
Domain Reload Profiling:
	ReloadAssembly (897ms)
		BeginReloadAssembly (101ms)
			ExecutionOrderSort (0ms)
			DisableScriptedObjects (5ms)
			BackupInstance (0ms)
			ReleaseScriptingObjects (0ms)
			CreateAndSetChildDomain (32ms)
		EndReloadAssembly (746ms)
			LoadAssemblies (81ms)
			RebuildTransferFunctionScriptingTraits (0ms)
			SetupTypeCache (272ms)
			ReleaseScriptCaches (1ms)
			RebuildScriptCaches (38ms)
			SetupLoadedEditorAssemblies (266ms)
				LogAssemblyErrors (0ms)
				InitializePlatformSupportModulesInManaged (5ms)
				SetLoadedEditorAssemblies (0ms)
				RefreshPlugins (1ms)
				BeforeProcessingInitializeOnLoad (68ms)
				ProcessInitializeOnLoadAttributes (181ms)
				ProcessInitializeOnLoadMethodAttributes (10ms)
				AfterProcessingInitializeOnLoad (2ms)
				EditorAssembliesLoaded (0ms)
			ExecutionOrderSort2 (0ms)
			AwakeInstancesAfterBackupRestoration (9ms)
Platform modules already initialized, skipping
Refreshing native plugins compatible for Editor in 0.45 ms, found 3 plugins.
Preloading 0 native plugins for Editor in 0.00 ms.
Unloading 2172 Unused Serialized files (Serialized files now loaded: 0)
System memory in use before: 97.8 MB.
System memory in use after: 98.0 MB.

Unloading 17 unused Assets to reduce memory usage. Loaded Objects now: 2632.
Total: 2.937500 ms (FindLiveObjects: 0.221200 ms CreateObjectMapping: 0.083300 ms MarkObjects: 2.616800 ms  DeleteObjects: 0.015200 ms)

AssetImportParameters requested are different than current active one (requested -> active):
  custom:framework-win-MediaFoundation: 216162199b28c13a410421893ffa2e32 -> 
  custom:video-decoder-ogg-theora: a1e56fd34408186e4bbccfd4996cb3dc -> 
  custom:container-muxer-webm: aa71ff27fc2769a1b78a27578f13a17b -> 
  custom:container-demuxer-webm: 4f35f7cbe854078d1ac9338744f61a02 -> 
  custom:container-demuxer-ogg: 62fdf1f143b41e24485cea50d1cbac27 -> 
  custom:video-encoder-webm-vp8: eb34c28f22e8b96e1ab97ce403110664 -> 
  custom:video-decoder-webm-vp8: 9c59270c3fd7afecdb556c50c9e8de78 -> 
  custom:audio-decoder-ogg-vorbis: bf7c407c2cedff20999df2af8eb42d56 -> 
  custom:audio-encoder-webm-vorbis: bf7c407c2cedff20999df2af8eb42d56 -> 
========================================================================
Received Prepare
Registering precompiled user dll's ...
Registered in 0.002423 seconds.
Begin MonoManager ReloadAssembly
Native extension for WindowsStandalone target not found
Refreshing native plugins compatible for Editor in 0.45 ms, found 3 plugins.
Preloading 0 native plugins for Editor in 0.00 ms.
Mono: successfully reloaded assembly
- Completed reload, in  0.896 seconds
Domain Reload Profiling:
	ReloadAssembly (896ms)
		BeginReloadAssembly (97ms)
			ExecutionOrderSort (0ms)
			DisableScriptedObjects (5ms)
			BackupInstance (0ms)
			ReleaseScriptingObjects (0ms)
			CreateAndSetChildDomain (30ms)
		EndReloadAssembly (748ms)
			LoadAssemblies (80ms)
			RebuildTransferFunctionScriptingTraits (0ms)
			SetupTypeCache (270ms)
			ReleaseScriptCaches (1ms)
			RebuildScriptCaches (38ms)
			SetupLoadedEditorAssemblies (266ms)
				LogAssemblyErrors (0ms)
				InitializePlatformSupportModulesInManaged (4ms)
				SetLoadedEditorAssemblies (0ms)
				RefreshPlugins (1ms)
				BeforeProcessingInitializeOnLoad (69ms)
				ProcessInitializeOnLoadAttributes (179ms)
				ProcessInitializeOnLoadMethodAttributes (10ms)
				AfterProcessingInitializeOnLoad (2ms)
				EditorAssembliesLoaded (0ms)
			ExecutionOrderSort2 (0ms)
			AwakeInstancesAfterBackupRestoration (8ms)
Platform modules already initialized, skipping
Refreshing native plugins compatible for Editor in 0.72 ms, found 3 plugins.
Preloading 0 native plugins for Editor in 0.00 ms.
Unloading 2173 Unused Serialized files (Serialized files now loaded: 0)
System memory in use before: 97.9 MB.
System memory in use after: 98.0 MB.

Unloading 17 unused Assets to reduce memory usage. Loaded Objects now: 2635.
Total: 2.802400 ms (FindLiveObjects: 0.180400 ms CreateObjectMapping: 0.079400 ms MarkObjects: 2.526800 ms  DeleteObjects: 0.014900 ms)

AssetImportParameters requested are different than current active one (requested -> active):
  custom:framework-win-MediaFoundation: 216162199b28c13a410421893ffa2e32 -> 
  custom:video-decoder-ogg-theora: a1e56fd34408186e4bbccfd4996cb3dc -> 
  custom:container-muxer-webm: aa71ff27fc2769a1b78a27578f13a17b -> 
  custom:container-demuxer-webm: 4f35f7cbe854078d1ac9338744f61a02 -> 
  custom:container-demuxer-ogg: 62fdf1f143b41e24485cea50d1cbac27 -> 
  custom:video-encoder-webm-vp8: eb34c28f22e8b96e1ab97ce403110664 -> 
  custom:video-decoder-webm-vp8: 9c59270c3fd7afecdb556c50c9e8de78 -> 
  custom:audio-decoder-ogg-vorbis: bf7c407c2cedff20999df2af8eb42d56 -> 
  custom:audio-encoder-webm-vorbis: bf7c407c2cedff20999df2af8eb42d56 -> 
========================================================================
Received Prepare
Registering precompiled user dll's ...
Registered in 0.002478 seconds.
Begin MonoManager ReloadAssembly
Native extension for WindowsStandalone target not found
Refreshing native plugins compatible for Editor in 0.43 ms, found 3 plugins.
Preloading 0 native plugins for Editor in 0.00 ms.
Mono: successfully reloaded assembly
- Completed reload, in  0.848 seconds
Domain Reload Profiling:
	ReloadAssembly (849ms)
		BeginReloadAssembly (122ms)
			ExecutionOrderSort (0ms)
			DisableScriptedObjects (5ms)
			BackupInstance (0ms)
			ReleaseScriptingObjects (0ms)
			CreateAndSetChildDomain (41ms)
		EndReloadAssembly (681ms)
			LoadAssemblies (75ms)
			RebuildTransferFunctionScriptingTraits (0ms)
			SetupTypeCache (239ms)
			ReleaseScriptCaches (1ms)
			RebuildScriptCaches (40ms)
			SetupLoadedEditorAssemblies (243ms)
				LogAssemblyErrors (0ms)
				InitializePlatformSupportModulesInManaged (4ms)
				SetLoadedEditorAssemblies (0ms)
				RefreshPlugins (0ms)
				BeforeProcessingInitializeOnLoad (64ms)
				ProcessInitializeOnLoadAttributes (164ms)
				ProcessInitializeOnLoadMethodAttributes (9ms)
				AfterProcessingInitializeOnLoad (2ms)
				EditorAssembliesLoaded (0ms)
			ExecutionOrderSort2 (0ms)
			AwakeInstancesAfterBackupRestoration (7ms)
Platform modules already initialized, skipping
Refreshing native plugins compatible for Editor in 0.44 ms, found 3 plugins.
Preloading 0 native plugins for Editor in 0.00 ms.
Unloading 2173 Unused Serialized files (Serialized files now loaded: 0)
System memory in use before: 97.9 MB.
System memory in use after: 98.0 MB.

Unloading 17 unused Assets to reduce memory usage. Loaded Objects now: 2637.
Total: 2.930400 ms (FindLiveObjects: 0.167700 ms CreateObjectMapping: 0.065300 ms MarkObjects: 2.681900 ms  DeleteObjects: 0.014900 ms)

AssetImportParameters requested are different than current active one (requested -> active):
  custom:framework-win-MediaFoundation: 216162199b28c13a410421893ffa2e32 -> 
  custom:video-decoder-ogg-theora: a1e56fd34408186e4bbccfd4996cb3dc -> 
  custom:container-muxer-webm: aa71ff27fc2769a1b78a27578f13a17b -> 
  custom:container-demuxer-webm: 4f35f7cbe854078d1ac9338744f61a02 -> 
  custom:container-demuxer-ogg: 62fdf1f143b41e24485cea50d1cbac27 -> 
  custom:video-encoder-webm-vp8: eb34c28f22e8b96e1ab97ce403110664 -> 
  custom:video-decoder-webm-vp8: 9c59270c3fd7afecdb556c50c9e8de78 -> 
  custom:audio-decoder-ogg-vorbis: bf7c407c2cedff20999df2af8eb42d56 -> 
  custom:audio-encoder-webm-vorbis: bf7c407c2cedff20999df2af8eb42d56 -> 
========================================================================
Received Prepare
Registering precompiled user dll's ...
Registered in 0.002420 seconds.
Begin MonoManager ReloadAssembly
Native extension for WindowsStandalone target not found
Refreshing native plugins compatible for Editor in 0.42 ms, found 3 plugins.
Preloading 0 native plugins for Editor in 0.00 ms.
Mono: successfully reloaded assembly
- Completed reload, in  0.773 seconds
Domain Reload Profiling:
	ReloadAssembly (773ms)
		BeginReloadAssembly (90ms)
			ExecutionOrderSort (0ms)
			DisableScriptedObjects (5ms)
			BackupInstance (0ms)
			ReleaseScriptingObjects (0ms)
			CreateAndSetChildDomain (29ms)
		EndReloadAssembly (637ms)
			LoadAssemblies (72ms)
			RebuildTransferFunctionScriptingTraits (0ms)
			SetupTypeCache (225ms)
			ReleaseScriptCaches (1ms)
			RebuildScriptCaches (34ms)
			SetupLoadedEditorAssemblies (229ms)
				LogAssemblyErrors (0ms)
				InitializePlatformSupportModulesInManaged (4ms)
				SetLoadedEditorAssemblies (0ms)
				RefreshPlugins (0ms)
				BeforeProcessingInitializeOnLoad (60ms)
				ProcessInitializeOnLoadAttributes (154ms)
				ProcessInitializeOnLoadMethodAttributes (9ms)
				AfterProcessingInitializeOnLoad (2ms)
				EditorAssembliesLoaded (0ms)
			ExecutionOrderSort2 (0ms)
			AwakeInstancesAfterBackupRestoration (7ms)
Platform modules already initialized, skipping
Refreshing native plugins compatible for Editor in 0.38 ms, found 3 plugins.
Preloading 0 native plugins for Editor in 0.00 ms.
Unloading 2173 Unused Serialized files (Serialized files now loaded: 0)
System memory in use before: 97.9 MB.
System memory in use after: 98.0 MB.

Unloading 17 unused Assets to reduce memory usage. Loaded Objects now: 2639.
Total: 2.627800 ms (FindLiveObjects: 0.169600 ms CreateObjectMapping: 0.060400 ms MarkObjects: 2.385100 ms  DeleteObjects: 0.012000 ms)

AssetImportParameters requested are different than current active one (requested -> active):
  custom:framework-win-MediaFoundation: 216162199b28c13a410421893ffa2e32 -> 
  custom:video-decoder-ogg-theora: a1e56fd34408186e4bbccfd4996cb3dc -> 
  custom:container-muxer-webm: aa71ff27fc2769a1b78a27578f13a17b -> 
  custom:container-demuxer-webm: 4f35f7cbe854078d1ac9338744f61a02 -> 
  custom:container-demuxer-ogg: 62fdf1f143b41e24485cea50d1cbac27 -> 
  custom:video-encoder-webm-vp8: eb34c28f22e8b96e1ab97ce403110664 -> 
  custom:video-decoder-webm-vp8: 9c59270c3fd7afecdb556c50c9e8de78 -> 
  custom:audio-decoder-ogg-vorbis: bf7c407c2cedff20999df2af8eb42d56 -> 
  custom:audio-encoder-webm-vorbis: bf7c407c2cedff20999df2af8eb42d56 -> 
========================================================================
Received Prepare
Registering precompiled user dll's ...
Registered in 0.002527 seconds.
Begin MonoManager ReloadAssembly
Native extension for WindowsStandalone target not found
Refreshing native plugins compatible for Editor in 0.42 ms, found 3 plugins.
Preloading 0 native plugins for Editor in 0.00 ms.
Mono: successfully reloaded assembly
- Completed reload, in  0.777 seconds
Domain Reload Profiling:
	ReloadAssembly (777ms)
		BeginReloadAssembly (91ms)
			ExecutionOrderSort (0ms)
			DisableScriptedObjects (5ms)
			BackupInstance (0ms)
			ReleaseScriptingObjects (0ms)
			CreateAndSetChildDomain (28ms)
		EndReloadAssembly (641ms)
			LoadAssemblies (73ms)
			RebuildTransferFunctionScriptingTraits (0ms)
			SetupTypeCache (224ms)
			ReleaseScriptCaches (1ms)
			RebuildScriptCaches (35ms)
			SetupLoadedEditorAssemblies (231ms)
				LogAssemblyErrors (0ms)
				InitializePlatformSupportModulesInManaged (4ms)
				SetLoadedEditorAssemblies (0ms)
				RefreshPlugins (0ms)
				BeforeProcessingInitializeOnLoad (60ms)
				ProcessInitializeOnLoadAttributes (156ms)
				ProcessInitializeOnLoadMethodAttributes (9ms)
				AfterProcessingInitializeOnLoad (2ms)
				EditorAssembliesLoaded (0ms)
			ExecutionOrderSort2 (0ms)
			AwakeInstancesAfterBackupRestoration (7ms)
Platform modules already initialized, skipping
Refreshing native plugins compatible for Editor in 0.40 ms, found 3 plugins.
Preloading 0 native plugins for Editor in 0.00 ms.
Unloading 2173 Unused Serialized files (Serialized files now loaded: 0)
System memory in use before: 97.9 MB.
System memory in use after: 98.0 MB.

Unloading 17 unused Assets to reduce memory usage. Loaded Objects now: 2641.
Total: 2.626800 ms (FindLiveObjects: 0.157400 ms CreateObjectMapping: 0.062500 ms MarkObjects: 2.393800 ms  DeleteObjects: 0.012300 ms)

AssetImportParameters requested are different than current active one (requested -> active):
  custom:framework-win-MediaFoundation: 216162199b28c13a410421893ffa2e32 -> 
  custom:video-decoder-ogg-theora: a1e56fd34408186e4bbccfd4996cb3dc -> 
  custom:container-muxer-webm: aa71ff27fc2769a1b78a27578f13a17b -> 
  custom:container-demuxer-webm: 4f35f7cbe854078d1ac9338744f61a02 -> 
  custom:container-demuxer-ogg: 62fdf1f143b41e24485cea50d1cbac27 -> 
  custom:video-encoder-webm-vp8: eb34c28f22e8b96e1ab97ce403110664 -> 
  custom:video-decoder-webm-vp8: 9c59270c3fd7afecdb556c50c9e8de78 -> 
  custom:audio-decoder-ogg-vorbis: bf7c407c2cedff20999df2af8eb42d56 -> 
  custom:audio-encoder-webm-vorbis: bf7c407c2cedff20999df2af8eb42d56 -> 
========================================================================
Received Prepare
Registering precompiled user dll's ...
Registered in 0.002465 seconds.
Begin MonoManager ReloadAssembly
Native extension for WindowsStandalone target not found
Refreshing native plugins compatible for Editor in 0.46 ms, found 3 plugins.
Preloading 0 native plugins for Editor in 0.00 ms.
Mono: successfully reloaded assembly
- Completed reload, in  0.782 seconds
Domain Reload Profiling:
	ReloadAssembly (782ms)
		BeginReloadAssembly (95ms)
			ExecutionOrderSort (0ms)
			DisableScriptedObjects (5ms)
			BackupInstance (0ms)
			ReleaseScriptingObjects (0ms)
			CreateAndSetChildDomain (26ms)
		EndReloadAssembly (644ms)
			LoadAssemblies (71ms)
			RebuildTransferFunctionScriptingTraits (0ms)
			SetupTypeCache (227ms)
			ReleaseScriptCaches (1ms)
			RebuildScriptCaches (34ms)
			SetupLoadedEditorAssemblies (234ms)
				LogAssemblyErrors (0ms)
				InitializePlatformSupportModulesInManaged (4ms)
				SetLoadedEditorAssemblies (0ms)
				RefreshPlugins (1ms)
				BeforeProcessingInitializeOnLoad (59ms)
				ProcessInitializeOnLoadAttributes (160ms)
				ProcessInitializeOnLoadMethodAttributes (9ms)
				AfterProcessingInitializeOnLoad (2ms)
				EditorAssembliesLoaded (0ms)
			ExecutionOrderSort2 (0ms)
			AwakeInstancesAfterBackupRestoration (7ms)
Platform modules already initialized, skipping
Refreshing native plugins compatible for Editor in 0.43 ms, found 3 plugins.
Preloading 0 native plugins for Editor in 0.00 ms.
Unloading 2173 Unused Serialized files (Serialized files now loaded: 0)
System memory in use before: 97.9 MB.
System memory in use after: 98.0 MB.

Unloading 17 unused Assets to reduce memory usage. Loaded Objects now: 2643.
Total: 2.902300 ms (FindLiveObjects: 0.172800 ms CreateObjectMapping: 0.067200 ms MarkObjects: 2.648300 ms  DeleteObjects: 0.013300 ms)

AssetImportParameters requested are different than current active one (requested -> active):
  custom:framework-win-MediaFoundation: 216162199b28c13a410421893ffa2e32 -> 
  custom:video-decoder-ogg-theora: a1e56fd34408186e4bbccfd4996cb3dc -> 
  custom:container-muxer-webm: aa71ff27fc2769a1b78a27578f13a17b -> 
  custom:container-demuxer-webm: 4f35f7cbe854078d1ac9338744f61a02 -> 
  custom:container-demuxer-ogg: 62fdf1f143b41e24485cea50d1cbac27 -> 
  custom:video-encoder-webm-vp8: eb34c28f22e8b96e1ab97ce403110664 -> 
  custom:video-decoder-webm-vp8: 9c59270c3fd7afecdb556c50c9e8de78 -> 
  custom:audio-decoder-ogg-vorbis: bf7c407c2cedff20999df2af8eb42d56 -> 
  custom:audio-encoder-webm-vorbis: bf7c407c2cedff20999df2af8eb42d56 -> 
========================================================================
Received Prepare
Registering precompiled user dll's ...
Registered in 0.002554 seconds.
Begin MonoManager ReloadAssembly
Native extension for WindowsStandalone target not found
Refreshing native plugins compatible for Editor in 0.43 ms, found 3 plugins.
Preloading 0 native plugins for Editor in 0.00 ms.
Mono: successfully reloaded assembly
- Completed reload, in  0.789 seconds
Domain Reload Profiling:
	ReloadAssembly (789ms)
		BeginReloadAssembly (91ms)
			ExecutionOrderSort (0ms)
			DisableScriptedObjects (5ms)
			BackupInstance (0ms)
			ReleaseScriptingObjects (0ms)
			CreateAndSetChildDomain (27ms)
		EndReloadAssembly (653ms)
			LoadAssemblies (69ms)
			RebuildTransferFunctionScriptingTraits (0ms)
			SetupTypeCache (233ms)
			ReleaseScriptCaches (1ms)
			RebuildScriptCaches (35ms)
			SetupLoadedEditorAssemblies (238ms)
				LogAssemblyErrors (0ms)
				InitializePlatformSupportModulesInManaged (4ms)
				SetLoadedEditorAssemblies (0ms)
				RefreshPlugins (0ms)
				BeforeProcessingInitializeOnLoad (61ms)
				ProcessInitializeOnLoadAttributes (161ms)
				ProcessInitializeOnLoadMethodAttributes (9ms)
				AfterProcessingInitializeOnLoad (2ms)
				EditorAssembliesLoaded (0ms)
			ExecutionOrderSort2 (0ms)
			AwakeInstancesAfterBackupRestoration (7ms)
Platform modules already initialized, skipping
Refreshing native plugins compatible for Editor in 0.43 ms, found 3 plugins.
Preloading 0 native plugins for Editor in 0.00 ms.
Unloading 2173 Unused Serialized files (Serialized files now loaded: 0)
System memory in use before: 97.9 MB.
System memory in use after: 98.1 MB.

Unloading 17 unused Assets to reduce memory usage. Loaded Objects now: 2645.
Total: 2.679600 ms (FindLiveObjects: 0.175000 ms CreateObjectMapping: 0.066700 ms MarkObjects: 2.423200 ms  DeleteObjects: 0.013900 ms)

AssetImportParameters requested are different than current active one (requested -> active):
  custom:framework-win-MediaFoundation: 216162199b28c13a410421893ffa2e32 -> 
  custom:video-decoder-ogg-theora: a1e56fd34408186e4bbccfd4996cb3dc -> 
  custom:container-muxer-webm: aa71ff27fc2769a1b78a27578f13a17b -> 
  custom:container-demuxer-webm: 4f35f7cbe854078d1ac9338744f61a02 -> 
  custom:container-demuxer-ogg: 62fdf1f143b41e24485cea50d1cbac27 -> 
  custom:video-encoder-webm-vp8: eb34c28f22e8b96e1ab97ce403110664 -> 
  custom:video-decoder-webm-vp8: 9c59270c3fd7afecdb556c50c9e8de78 -> 
  custom:audio-decoder-ogg-vorbis: bf7c407c2cedff20999df2af8eb42d56 -> 
  custom:audio-encoder-webm-vorbis: bf7c407c2cedff20999df2af8eb42d56 -> 
========================================================================
Received Prepare
Registering precompiled user dll's ...
Registered in 0.002450 seconds.
Begin MonoManager ReloadAssembly
Native extension for WindowsStandalone target not found
Refreshing native plugins compatible for Editor in 0.43 ms, found 3 plugins.
Preloading 0 native plugins for Editor in 0.00 ms.
Mono: successfully reloaded assembly
- Completed reload, in  0.792 seconds
Domain Reload Profiling:
	ReloadAssembly (792ms)
		BeginReloadAssembly (94ms)
			ExecutionOrderSort (0ms)
			DisableScriptedObjects (5ms)
			BackupInstance (0ms)
			ReleaseScriptingObjects (0ms)
			CreateAndSetChildDomain (27ms)
		EndReloadAssembly (655ms)
			LoadAssemblies (69ms)
			RebuildTransferFunctionScriptingTraits (0ms)
			SetupTypeCache (230ms)
			ReleaseScriptCaches (1ms)
			RebuildScriptCaches (35ms)
			SetupLoadedEditorAssemblies (241ms)
				LogAssemblyErrors (0ms)
				InitializePlatformSupportModulesInManaged (5ms)
				SetLoadedEditorAssemblies (0ms)
				RefreshPlugins (0ms)
				BeforeProcessingInitializeOnLoad (61ms)
				ProcessInitializeOnLoadAttributes (163ms)
				ProcessInitializeOnLoadMethodAttributes (9ms)
				AfterProcessingInitializeOnLoad (2ms)
				EditorAssembliesLoaded (0ms)
			ExecutionOrderSort2 (0ms)
			AwakeInstancesAfterBackupRestoration (8ms)
Platform modules already initialized, skipping
Refreshing native plugins compatible for Editor in 0.49 ms, found 3 plugins.
Preloading 0 native plugins for Editor in 0.00 ms.
Unloading 2173 Unused Serialized files (Serialized files now loaded: 0)
System memory in use before: 97.9 MB.
System memory in use after: 98.1 MB.

Unloading 17 unused Assets to reduce memory usage. Loaded Objects now: 2647.
Total: 2.723800 ms (FindLiveObjects: 0.169300 ms CreateObjectMapping: 0.068900 ms MarkObjects: 2.471000 ms  DeleteObjects: 0.013900 ms)

AssetImportParameters requested are different than current active one (requested -> active):
  custom:framework-win-MediaFoundation: 216162199b28c13a410421893ffa2e32 -> 
  custom:video-decoder-ogg-theora: a1e56fd34408186e4bbccfd4996cb3dc -> 
  custom:container-muxer-webm: aa71ff27fc2769a1b78a27578f13a17b -> 
  custom:container-demuxer-webm: 4f35f7cbe854078d1ac9338744f61a02 -> 
  custom:container-demuxer-ogg: 62fdf1f143b41e24485cea50d1cbac27 -> 
  custom:video-encoder-webm-vp8: eb34c28f22e8b96e1ab97ce403110664 -> 
  custom:video-decoder-webm-vp8: 9c59270c3fd7afecdb556c50c9e8de78 -> 
  custom:audio-decoder-ogg-vorbis: bf7c407c2cedff20999df2af8eb42d56 -> 
  custom:audio-encoder-webm-vorbis: bf7c407c2cedff20999df2af8eb42d56 -> 
========================================================================
Received Import Request.
  Time since last request: 347.554851 seconds.
  path: Assets/Sprites/Tilemap
  artifactKey: Guid(e7525147e604ae745bec79edea8a2062) Importer(815301076,1909f56bfc062723c751e8b465ee728b)
Start importing Assets/Sprites/Tilemap using Guid(e7525147e604ae745bec79edea8a2062) Importer(815301076,1909f56bfc062723c751e8b465ee728b)  -> (artifact id: '6d99df9149306e3a8976d5541991687f') in 0.005586 seconds 
  Import took 0.009725 seconds .

========================================================================
Received Import Request.
  Time since last request: 0.108276 seconds.
  path: Assets/Sprites/Tilemap/basictiles_0.asset
  artifactKey: Guid(12a04d365fff3ad468516994a06106eb) Importer(815301076,1909f56bfc062723c751e8b465ee728b)
Start importing Assets/Sprites/Tilemap/basictiles_0.asset using Guid(12a04d365fff3ad468516994a06106eb) Importer(815301076,1909f56bfc062723c751e8b465ee728b)  -> (artifact id: '788f7f7f884fa2bb340b16e1ac5464fb') in 0.058299 seconds 
  Import took 0.062469 seconds .

========================================================================
Received Import Request.
  Time since last request: 0.000278 seconds.
  path: Assets/Sprites/Tilemap/basictiles_72.asset
  artifactKey: Guid(5edc0bb94c43e7e479bae8da28fa949c) Importer(815301076,1909f56bfc062723c751e8b465ee728b)
Start importing Assets/Sprites/Tilemap/basictiles_72.asset using Guid(5edc0bb94c43e7e479bae8da28fa949c) Importer(815301076,1909f56bfc062723c751e8b465ee728b)  -> (artifact id: 'ea411d4d619029772d593c9776b7a609') in 0.005639 seconds 
  Import took 0.008321 seconds .

========================================================================
Received Import Request.
  Time since last request: 0.000384 seconds.
  path: Assets/Sprites/Tilemap/basictiles_2.asset
  artifactKey: Guid(c5fa31578d00fbe438989a2a7249e45a) Importer(815301076,1909f56bfc062723c751e8b465ee728b)
Start importing Assets/Sprites/Tilemap/basictiles_2.asset using Guid(c5fa31578d00fbe438989a2a7249e45a) Importer(815301076,1909f56bfc062723c751e8b465ee728b)  -> (artifact id: '98a856b8a06b24b88444ee44554d3c31') in 0.004370 seconds 
  Import took 0.007406 seconds .

========================================================================
Received Import Request.
  Time since last request: 0.000274 seconds.
  path: Assets/Sprites/Tilemap/basictiles_14.asset
  artifactKey: Guid(9a0b2eb18d1594e47bdf5110c453d20a) Importer(815301076,1909f56bfc062723c751e8b465ee728b)
Start importing Assets/Sprites/Tilemap/basictiles_14.asset using Guid(9a0b2eb18d1594e47bdf5110c453d20a) Importer(815301076,1909f56bfc062723c751e8b465ee728b)  -> (artifact id: 'b0dead3adfcb2c503ffaa10ffb9405d0') in 0.004976 seconds 
  Import took 0.008010 seconds .

========================================================================
Received Import Request.
  Time since last request: 0.000251 seconds.
  path: Assets/Sprites/Tilemap/basictiles_32.asset
  artifactKey: Guid(bf76a983a212ada468798273d2feca86) Importer(815301076,1909f56bfc062723c751e8b465ee728b)
Start importing Assets/Sprites/Tilemap/basictiles_32.asset using Guid(bf76a983a212ada468798273d2feca86) Importer(815301076,1909f56bfc062723c751e8b465ee728b)  -> (artifact id: '85fdc662b0c03c8337ddf6cac07976f5') in 0.004236 seconds 
  Import took 0.006688 seconds .

========================================================================
Received Import Request.
  Time since last request: 0.000651 seconds.
  path: Assets/Sprites/Tilemap/basictiles_56.asset
  artifactKey: Guid(7872f132aa031de4f8176840887d6e23) Importer(815301076,1909f56bfc062723c751e8b465ee728b)
Start importing Assets/Sprites/Tilemap/basictiles_56.asset using Guid(7872f132aa031de4f8176840887d6e23) Importer(815301076,1909f56bfc062723c751e8b465ee728b)  -> (artifact id: '270a694e27abeb08fbd901f0fdafb7e9') in 0.004783 seconds 
  Import took 0.007698 seconds .

========================================================================
Received Import Request.
  Time since last request: 0.000268 seconds.
  path: Assets/Sprites/Tilemap/basictiles_38.asset
  artifactKey: Guid(691be2813908c7b4fb74bed308a17d1f) Importer(815301076,1909f56bfc062723c751e8b465ee728b)
Start importing Assets/Sprites/Tilemap/basictiles_38.asset using Guid(691be2813908c7b4fb74bed308a17d1f) Importer(815301076,1909f56bfc062723c751e8b465ee728b)  -> (artifact id: 'd9d9c1dd928e2bf89d9eca2119800034') in 0.004814 seconds 
  Import took 0.007827 seconds .

========================================================================
Received Import Request.
  Time since last request: 0.000325 seconds.
  path: Assets/Sprites/Tilemap/basictiles_58.asset
  artifactKey: Guid(a7b04c508f42cb04782c17c0f122cf3a) Importer(815301076,1909f56bfc062723c751e8b465ee728b)
Start importing Assets/Sprites/Tilemap/basictiles_58.asset using Guid(a7b04c508f42cb04782c17c0f122cf3a) Importer(815301076,1909f56bfc062723c751e8b465ee728b)  -> (artifact id: '809e48973244135fd08eebca1d60fa91') in 0.009995 seconds 
  Import took 0.013574 seconds .

========================================================================
Received Import Request.
  Time since last request: 0.000311 seconds.
  path: Assets/Sprites/Tilemap/basictiles_60.asset
  artifactKey: Guid(4d4783c3231966f408250c3107bb88f5) Importer(815301076,1909f56bfc062723c751e8b465ee728b)
Start importing Assets/Sprites/Tilemap/basictiles_60.asset using Guid(4d4783c3231966f408250c3107bb88f5) Importer(815301076,1909f56bfc062723c751e8b465ee728b)  -> (artifact id: '427244ee80813f6bd1694d16e24f5285') in 0.005393 seconds 
  Import took 0.008761 seconds .

========================================================================
Received Import Request.
  Time since last request: 0.000340 seconds.
  path: Assets/Sprites/Tilemap/basictiles_63.asset
  artifactKey: Guid(4163cba773f9bab4c9349285e85af9c5) Importer(815301076,1909f56bfc062723c751e8b465ee728b)
Start importing Assets/Sprites/Tilemap/basictiles_63.asset using Guid(4163cba773f9bab4c9349285e85af9c5) Importer(815301076,1909f56bfc062723c751e8b465ee728b)  -> (artifact id: 'febea2882891a1eb8110d333f2e4846e') in 0.004851 seconds 
  Import took 0.008149 seconds .

========================================================================
Received Import Request.
  Time since last request: 0.000268 seconds.
  path: Assets/Sprites/Tilemap/basictiles_26.asset
  artifactKey: Guid(8c7dbb5a47d78234b9159fdd0f01132a) Importer(815301076,1909f56bfc062723c751e8b465ee728b)
Start importing Assets/Sprites/Tilemap/basictiles_26.asset using Guid(8c7dbb5a47d78234b9159fdd0f01132a) Importer(815301076,1909f56bfc062723c751e8b465ee728b)  -> (artifact id: '751668194b3e61fc9a8e8a5df5701c92') in 0.005024 seconds 
  Import took 0.008122 seconds .

========================================================================
Received Import Request.
  Time since last request: 0.000284 seconds.
  path: Assets/Sprites/Tilemap/basictiles_36.asset
  artifactKey: Guid(6afc3fc2e0a5dcc4c9433df35d6a6a01) Importer(815301076,1909f56bfc062723c751e8b465ee728b)
Start importing Assets/Sprites/Tilemap/basictiles_36.asset using Guid(6afc3fc2e0a5dcc4c9433df35d6a6a01) Importer(815301076,1909f56bfc062723c751e8b465ee728b)  -> (artifact id: 'd7a59af448b51a8d98c0ce63e9454340') in 0.004800 seconds 
  Import took 0.007670 seconds .

========================================================================
Received Import Request.
  Time since last request: 0.000255 seconds.
  path: Assets/Sprites/Tilemap/basictiles_48.asset
  artifactKey: Guid(f7a95f2ccac7ed444b0ecec3d7e9948d) Importer(815301076,1909f56bfc062723c751e8b465ee728b)
Start importing Assets/Sprites/Tilemap/basictiles_48.asset using Guid(f7a95f2ccac7ed444b0ecec3d7e9948d) Importer(815301076,1909f56bfc062723c751e8b465ee728b)  -> (artifact id: 'af10032bf7294ec219c970072ece6867') in 0.005399 seconds 
  Import took 0.008288 seconds .

========================================================================
Received Import Request.
  Time since last request: 0.000276 seconds.
  path: Assets/Sprites/Tilemap/basictiles_62.asset
  artifactKey: Guid(ffef3accee1d0104c91a2dffcff92a86) Importer(815301076,1909f56bfc062723c751e8b465ee728b)
Start importing Assets/Sprites/Tilemap/basictiles_62.asset using Guid(ffef3accee1d0104c91a2dffcff92a86) Importer(815301076,1909f56bfc062723c751e8b465ee728b)  -> (artifact id: '86ec7c616b24f0120ee9369adbe729a6') in 0.004740 seconds 
  Import took 0.007850 seconds .

========================================================================
Received Import Request.
  Time since last request: 0.000286 seconds.
  path: Assets/Sprites/Tilemap/basictiles_54.asset
  artifactKey: Guid(72f7f163ad36996488481436abcec0ed) Importer(815301076,1909f56bfc062723c751e8b465ee728b)
Start importing Assets/Sprites/Tilemap/basictiles_54.asset using Guid(72f7f163ad36996488481436abcec0ed) Importer(815301076,1909f56bfc062723c751e8b465ee728b)  -> (artifact id: '5ffc76a2e9bdf757f5a8d127ae4b8273') in 0.005192 seconds 
  Import took 0.008278 seconds .

========================================================================
Received Import Request.
  Time since last request: 0.000328 seconds.
  path: Assets/Sprites/Tilemap/basictiles_25.asset
  artifactKey: Guid(676eddbf2df682f44bc10c32b0ee3a85) Importer(815301076,1909f56bfc062723c751e8b465ee728b)
Start importing Assets/Sprites/Tilemap/basictiles_25.asset using Guid(676eddbf2df682f44bc10c32b0ee3a85) Importer(815301076,1909f56bfc062723c751e8b465ee728b)  -> (artifact id: 'c408d9981fcfed002db1f3e7c5ef7453') in 0.004899 seconds 
  Import took 0.007859 seconds .

========================================================================
Received Import Request.
  Time since last request: 0.000279 seconds.
  path: Assets/Sprites/Tilemap/basictiles_30.asset
  artifactKey: Guid(6cb08cf3e9e6a404fa0e4af57ff8aef7) Importer(815301076,1909f56bfc062723c751e8b465ee728b)
Start importing Assets/Sprites/Tilemap/basictiles_30.asset using Guid(6cb08cf3e9e6a404fa0e4af57ff8aef7) Importer(815301076,1909f56bfc062723c751e8b465ee728b)  -> (artifact id: '686fe0701d10d618197759156860a4d4') in 0.004820 seconds 
  Import took 0.007710 seconds .

========================================================================
Received Import Request.
  Time since last request: 0.000324 seconds.
  path: Assets/Sprites/Tilemap/basictiles_1.asset
  artifactKey: Guid(a9ceb8f88c614f44baa710a3ef99fd0d) Importer(815301076,1909f56bfc062723c751e8b465ee728b)
Start importing Assets/Sprites/Tilemap/basictiles_1.asset using Guid(a9ceb8f88c614f44baa710a3ef99fd0d) Importer(815301076,1909f56bfc062723c751e8b465ee728b)  -> (artifact id: '798a1d4e0eab9fcbf7cca7fd08897fba') in 0.005030 seconds 
  Import took 0.008545 seconds .

========================================================================
Received Import Request.
  Time since last request: 0.000271 seconds.
  path: Assets/Sprites/Tilemap/basictiles_37.asset
  artifactKey: Guid(1324dd2c32211d341af58f31fc537e79) Importer(815301076,1909f56bfc062723c751e8b465ee728b)
Start importing Assets/Sprites/Tilemap/basictiles_37.asset using Guid(1324dd2c32211d341af58f31fc537e79) Importer(815301076,1909f56bfc062723c751e8b465ee728b)  -> (artifact id: '18a9e509fd36eea39c071332dc425d08') in 0.005220 seconds 
  Import took 0.008133 seconds .

========================================================================
Received Import Request.
  Time since last request: 0.000259 seconds.
  path: Assets/Sprites/Tilemap/basictiles_4.asset
  artifactKey: Guid(5d64a26f6da8fdd41a290619b6a98eb5) Importer(815301076,1909f56bfc062723c751e8b465ee728b)
Start importing Assets/Sprites/Tilemap/basictiles_4.asset using Guid(5d64a26f6da8fdd41a290619b6a98eb5) Importer(815301076,1909f56bfc062723c751e8b465ee728b)  -> (artifact id: '6e986adaec55a085da1db1881db9e983') in 0.005067 seconds 
  Import took 0.008107 seconds .

========================================================================
Received Import Request.
  Time since last request: 0.000253 seconds.
  path: Assets/Sprites/Tilemap/basictiles_35.asset
  artifactKey: Guid(6440e7d46f2fef84aaa98ad4a87be218) Importer(815301076,1909f56bfc062723c751e8b465ee728b)
Start importing Assets/Sprites/Tilemap/basictiles_35.asset using Guid(6440e7d46f2fef84aaa98ad4a87be218) Importer(815301076,1909f56bfc062723c751e8b465ee728b)  -> (artifact id: 'f4e0c094ccafd8c5c52add5147d85dcf') in 0.004905 seconds 
  Import took 0.007937 seconds .

========================================================================
Received Import Request.
  Time since last request: 0.000297 seconds.
  path: Assets/Sprites/Tilemap/basictiles_53.asset
  artifactKey: Guid(769dbefb8ec431d45b7b826fd92eab84) Importer(815301076,1909f56bfc062723c751e8b465ee728b)
Start importing Assets/Sprites/Tilemap/basictiles_53.asset using Guid(769dbefb8ec431d45b7b826fd92eab84) Importer(815301076,1909f56bfc062723c751e8b465ee728b)  -> (artifact id: '8a7df2ce8610ca14146cf6c88ba2b23b') in 0.004626 seconds 
  Import took 0.007562 seconds .

========================================================================
Received Import Request.
  Time since last request: 0.000270 seconds.
  path: Assets/Sprites/Tilemap/basictiles_59.asset
  artifactKey: Guid(2946c2e7b02751644bfb2e7f957b0cbb) Importer(815301076,1909f56bfc062723c751e8b465ee728b)
Start importing Assets/Sprites/Tilemap/basictiles_59.asset using Guid(2946c2e7b02751644bfb2e7f957b0cbb) Importer(815301076,1909f56bfc062723c751e8b465ee728b)  -> (artifact id: '8aa5d8592578d6ea5d6abb45ce61f256') in 0.004662 seconds 
  Import took 0.007750 seconds .

========================================================================
Received Import Request.
  Time since last request: 0.000255 seconds.
  path: Assets/Sprites/Tilemap/basictiles_28.asset
  artifactKey: Guid(c7d9092fccbc76f44bf848f362c28f42) Importer(815301076,1909f56bfc062723c751e8b465ee728b)
Start importing Assets/Sprites/Tilemap/basictiles_28.asset using Guid(c7d9092fccbc76f44bf848f362c28f42) Importer(815301076,1909f56bfc062723c751e8b465ee728b)  -> (artifact id: 'a0b714bb845963374f40b25a3871f219') in 0.005320 seconds 
  Import took 0.008207 seconds .

========================================================================
Received Import Request.
  Time since last request: 0.000347 seconds.
  path: Assets/Sprites/Tilemap/basictiles_13.asset
  artifactKey: Guid(1e7813ce7c070284a812b64d762b6c0a) Importer(815301076,1909f56bfc062723c751e8b465ee728b)
Start importing Assets/Sprites/Tilemap/basictiles_13.asset using Guid(1e7813ce7c070284a812b64d762b6c0a) Importer(815301076,1909f56bfc062723c751e8b465ee728b)  -> (artifact id: '04ad55290e3fad3d5db1c93a243eabe0') in 0.004860 seconds 
  Import took 0.007620 seconds .

========================================================================
Received Import Request.
  Time since last request: 0.000263 seconds.
  path: Assets/Sprites/Tilemap/basictiles_34.asset
  artifactKey: Guid(4a3112893fcc76446a4add079360fbb0) Importer(815301076,1909f56bfc062723c751e8b465ee728b)
Start importing Assets/Sprites/Tilemap/basictiles_34.asset using Guid(4a3112893fcc76446a4add079360fbb0) Importer(815301076,1909f56bfc062723c751e8b465ee728b)  -> (artifact id: 'cdf3a4f0fc2a8f89674ff9a240853708') in 0.004811 seconds 
  Import took 0.007869 seconds .

========================================================================
Received Import Request.
  Time since last request: 0.000237 seconds.
  path: Assets/Sprites/Tilemap/basictiles_33.asset
  artifactKey: Guid(a2899a1ade1704745ad2dd491a183e27) Importer(815301076,1909f56bfc062723c751e8b465ee728b)
Start importing Assets/Sprites/Tilemap/basictiles_33.asset using Guid(a2899a1ade1704745ad2dd491a183e27) Importer(815301076,1909f56bfc062723c751e8b465ee728b)  -> (artifact id: 'e2138be855106a1ea6c303f37b50a61a') in 0.004884 seconds 
  Import took 0.007909 seconds .

========================================================================
Received Import Request.
  Time since last request: 0.000337 seconds.
  path: Assets/Sprites/Tilemap/basictiles_52.asset
  artifactKey: Guid(ec4f4ff574dcbf54b8cf7b39399c7c84) Importer(815301076,1909f56bfc062723c751e8b465ee728b)
Start importing Assets/Sprites/Tilemap/basictiles_52.asset using Guid(ec4f4ff574dcbf54b8cf7b39399c7c84) Importer(815301076,1909f56bfc062723c751e8b465ee728b)  -> (artifact id: '5ece43fae5624308d79d05b9a458f49c') in 0.005220 seconds 
  Import took 0.008263 seconds .

========================================================================
Received Import Request.
  Time since last request: 0.000255 seconds.
  path: Assets/Sprites/Tilemap/basictiles_3.asset
  artifactKey: Guid(3ebd90a088d25174ab4511b0735f2444) Importer(815301076,1909f56bfc062723c751e8b465ee728b)
Start importing Assets/Sprites/Tilemap/basictiles_3.asset using Guid(3ebd90a088d25174ab4511b0735f2444) Importer(815301076,1909f56bfc062723c751e8b465ee728b)  -> (artifact id: 'f6ca9e16af8db87f8f384860961b65ab') in 0.004866 seconds 
  Import took 0.007684 seconds .

========================================================================
Received Import Request.
  Time since last request: 0.000251 seconds.
  path: Assets/Sprites/Tilemap/basictiles_12.asset
  artifactKey: Guid(7aa22f7b3e5fe5847ad444e788eb0ebf) Importer(815301076,1909f56bfc062723c751e8b465ee728b)
Start importing Assets/Sprites/Tilemap/basictiles_12.asset using Guid(7aa22f7b3e5fe5847ad444e788eb0ebf) Importer(815301076,1909f56bfc062723c751e8b465ee728b)  -> (artifact id: 'b46ccd771e5027127bbf21417170c571') in 0.004937 seconds 
  Import took 0.008177 seconds .

========================================================================
Received Import Request.
  Time since last request: 0.000251 seconds.
  path: Assets/Sprites/Tilemap/basictiles_61.asset
  artifactKey: Guid(ecd0fefbecadaba45a256954bf72903e) Importer(815301076,1909f56bfc062723c751e8b465ee728b)
Start importing Assets/Sprites/Tilemap/basictiles_61.asset using Guid(ecd0fefbecadaba45a256954bf72903e) Importer(815301076,1909f56bfc062723c751e8b465ee728b)  -> (artifact id: 'a9a08e9de9cf05dba82a03dde200c354') in 0.005494 seconds 
  Import took 0.008270 seconds .

========================================================================
Received Import Request.
  Time since last request: 0.000319 seconds.
  path: Assets/Sprites/Tilemap/basictiles_6.asset
  artifactKey: Guid(a4ddfacf9b5076f4ca1f755e9422ada3) Importer(815301076,1909f56bfc062723c751e8b465ee728b)
Start importing Assets/Sprites/Tilemap/basictiles_6.asset using Guid(a4ddfacf9b5076f4ca1f755e9422ada3) Importer(815301076,1909f56bfc062723c751e8b465ee728b)  -> (artifact id: '907bfe1f373c2bc917dba733f89c57dc') in 0.006033 seconds 
  Import took 0.009125 seconds .

========================================================================
Received Import Request.
  Time since last request: 0.000260 seconds.
  path: Assets/Sprites/Tilemap/basictiles_27.asset
  artifactKey: Guid(f73be3e5deb386b4fb0dbf3476ecdf44) Importer(815301076,1909f56bfc062723c751e8b465ee728b)
Start importing Assets/Sprites/Tilemap/basictiles_27.asset using Guid(f73be3e5deb386b4fb0dbf3476ecdf44) Importer(815301076,1909f56bfc062723c751e8b465ee728b)  -> (artifact id: '5154096399084f054b7da6a211acae89') in 0.005753 seconds 
  Import took 0.008941 seconds .

========================================================================
Received Import Request.
  Time since last request: 0.000256 seconds.
  path: Assets/Sprites/Tilemap/basictiles_8.asset
  artifactKey: Guid(c681d6e81b6cc104fa76158dee7b5d26) Importer(815301076,1909f56bfc062723c751e8b465ee728b)
Start importing Assets/Sprites/Tilemap/basictiles_8.asset using Guid(c681d6e81b6cc104fa76158dee7b5d26) Importer(815301076,1909f56bfc062723c751e8b465ee728b)  -> (artifact id: 'b0cbe70cabf96039a08bd6d3eb2112df') in 0.004850 seconds 
  Import took 0.007985 seconds .

========================================================================
Received Import Request.
  Time since last request: 0.000325 seconds.
  path: Assets/Sprites/Tilemap/basictiles_5.asset
  artifactKey: Guid(7cf3b3bfb87b50e49823b06232740787) Importer(815301076,1909f56bfc062723c751e8b465ee728b)
Start importing Assets/Sprites/Tilemap/basictiles_5.asset using Guid(7cf3b3bfb87b50e49823b06232740787) Importer(815301076,1909f56bfc062723c751e8b465ee728b)  -> (artifact id: '72c34488e7b1bff494b36222ce474737') in 0.005893 seconds 
  Import took 0.009204 seconds .

========================================================================
Received Import Request.
  Time since last request: 0.000263 seconds.
  path: Assets/Sprites/Tilemap/basictiles_31.asset
  artifactKey: Guid(06ecb0f15070a1e4d9da85233fafb006) Importer(815301076,1909f56bfc062723c751e8b465ee728b)
Start importing Assets/Sprites/Tilemap/basictiles_31.asset using Guid(06ecb0f15070a1e4d9da85233fafb006) Importer(815301076,1909f56bfc062723c751e8b465ee728b)  -> (artifact id: '96c7b8e726b0764ee85292db79659581') in 0.005098 seconds 
  Import took 0.007980 seconds .

========================================================================
Received Import Request.
  Time since last request: 0.000267 seconds.
  path: Assets/Sprites/Tilemap/basictiles_55.asset
  artifactKey: Guid(36dc47f6bea903842953256b8fd2ec67) Importer(815301076,1909f56bfc062723c751e8b465ee728b)
Start importing Assets/Sprites/Tilemap/basictiles_55.asset using Guid(36dc47f6bea903842953256b8fd2ec67) Importer(815301076,1909f56bfc062723c751e8b465ee728b)  -> (artifact id: 'a24ff7941ff04399f07b6c2893564756') in 0.004630 seconds 
  Import took 0.007496 seconds .

========================================================================
Received Import Request.
  Time since last request: 0.000265 seconds.
  path: Assets/Sprites/Tilemap/basictiles_39.asset
  artifactKey: Guid(632df47a6f593d24b8eb26d5ec6dbde6) Importer(815301076,1909f56bfc062723c751e8b465ee728b)
Start importing Assets/Sprites/Tilemap/basictiles_39.asset using Guid(632df47a6f593d24b8eb26d5ec6dbde6) Importer(815301076,1909f56bfc062723c751e8b465ee728b)  -> (artifact id: 'fed857f2020c05bd444d48ac4ea27835') in 0.005099 seconds 
  Import took 0.008122 seconds .

========================================================================
Received Import Request.
  Time since last request: 0.000261 seconds.
  path: Assets/Sprites/Tilemap/basictiles_24.asset
  artifactKey: Guid(aff3843fac3b5604e972d8161ff88053) Importer(815301076,1909f56bfc062723c751e8b465ee728b)
Start importing Assets/Sprites/Tilemap/basictiles_24.asset using Guid(aff3843fac3b5604e972d8161ff88053) Importer(815301076,1909f56bfc062723c751e8b465ee728b)  -> (artifact id: 'f9cbfbf24dbb4f331a45e15a2e554f52') in 0.004863 seconds 
  Import took 0.007895 seconds .

========================================================================
Received Import Request.
  Time since last request: 0.000258 seconds.
  path: Assets/Sprites/Tilemap/basictiles_29.asset
  artifactKey: Guid(4374112044b1c6a4096b3c67e72634cd) Importer(815301076,1909f56bfc062723c751e8b465ee728b)
Start importing Assets/Sprites/Tilemap/basictiles_29.asset using Guid(4374112044b1c6a4096b3c67e72634cd) Importer(815301076,1909f56bfc062723c751e8b465ee728b)  -> (artifact id: '4a67c0e771068cf7f5ed579403bd1f44') in 0.005317 seconds 
  Import took 0.008544 seconds .

========================================================================
Received Import Request.
  Time since last request: 0.000230 seconds.
  path: Assets/Sprites/Tilemap/basictiles_50.asset
  artifactKey: Guid(6c8c443bd43f8dc46bbf88f7cb0b8844) Importer(815301076,1909f56bfc062723c751e8b465ee728b)
Start importing Assets/Sprites/Tilemap/basictiles_50.asset using Guid(6c8c443bd43f8dc46bbf88f7cb0b8844) Importer(815301076,1909f56bfc062723c751e8b465ee728b)  -> (artifact id: '0c08f82dd2fc1e98728e73076163a99f') in 0.005192 seconds 
  Import took 0.008103 seconds .

========================================================================
Received Import Request.
  Time since last request: 0.000307 seconds.
  path: Assets/Sprites/Tilemap/basictiles_9.asset
  artifactKey: Guid(edb3b82ebf5f5784a9bfc589656e15ab) Importer(815301076,1909f56bfc062723c751e8b465ee728b)
Start importing Assets/Sprites/Tilemap/basictiles_9.asset using Guid(edb3b82ebf5f5784a9bfc589656e15ab) Importer(815301076,1909f56bfc062723c751e8b465ee728b)  -> (artifact id: '7b3f720729262ee92301f74c38c35efb') in 0.004814 seconds 
  Import took 0.007862 seconds .

========================================================================
Received Import Request.
  Time since last request: 0.000275 seconds.
  path: Assets/Sprites/Tilemap/basictiles_49.asset
  artifactKey: Guid(9ec85ff9d983b9f44bb9adecb7c5fb13) Importer(815301076,1909f56bfc062723c751e8b465ee728b)
Start importing Assets/Sprites/Tilemap/basictiles_49.asset using Guid(9ec85ff9d983b9f44bb9adecb7c5fb13) Importer(815301076,1909f56bfc062723c751e8b465ee728b)  -> (artifact id: '6c63cadf74feaedd6ab9e813f5db23f7') in 0.004583 seconds 
  Import took 0.007742 seconds .

========================================================================
Received Import Request.
  Time since last request: 0.000217 seconds.
  path: Assets/Sprites/Tilemap/basictiles_57.asset
  artifactKey: Guid(7d59cbaee6d25484ca93ec84420e9a62) Importer(815301076,1909f56bfc062723c751e8b465ee728b)
Start importing Assets/Sprites/Tilemap/basictiles_57.asset using Guid(7d59cbaee6d25484ca93ec84420e9a62) Importer(815301076,1909f56bfc062723c751e8b465ee728b)  -> (artifact id: '2acefdf7ef96379299aa247c4472c9d4') in 0.004981 seconds 
  Import took 0.008383 seconds .

========================================================================
Received Import Request.
  Time since last request: 0.000259 seconds.
  path: Assets/Sprites/Tilemap/basictiles_7.asset
  artifactKey: Guid(f1256c9271b5be845aa7c59fe7a23a90) Importer(815301076,1909f56bfc062723c751e8b465ee728b)
Start importing Assets/Sprites/Tilemap/basictiles_7.asset using Guid(f1256c9271b5be845aa7c59fe7a23a90) Importer(815301076,1909f56bfc062723c751e8b465ee728b)  -> (artifact id: '890088bf4b7011e9a12798171e174758') in 0.004875 seconds 
  Import took 0.007867 seconds .

========================================================================
Received Import Request.
  Time since last request: 0.000332 seconds.
  path: Assets/Sprites/Tilemap/basictiles_10.asset
  artifactKey: Guid(2fc9139eb815e284c9845d9d46b98195) Importer(815301076,1909f56bfc062723c751e8b465ee728b)
Start importing Assets/Sprites/Tilemap/basictiles_10.asset using Guid(2fc9139eb815e284c9845d9d46b98195) Importer(815301076,1909f56bfc062723c751e8b465ee728b)  -> (artifact id: 'ff54c446288c17c248ad817c8554f5ee') in 0.004742 seconds 
  Import took 0.007626 seconds .

========================================================================
Received Import Request.
  Time since last request: 0.000283 seconds.
  path: Assets/Sprites/Tilemap/basictiles_15.asset
  artifactKey: Guid(3d4c97b19fb8b0d4088e5f5c49f9cd8b) Importer(815301076,1909f56bfc062723c751e8b465ee728b)
Start importing Assets/Sprites/Tilemap/basictiles_15.asset using Guid(3d4c97b19fb8b0d4088e5f5c49f9cd8b) Importer(815301076,1909f56bfc062723c751e8b465ee728b)  -> (artifact id: '672b80265f5cd01f51cf7565393a7265') in 0.006488 seconds 
  Import took 0.009853 seconds .

========================================================================
Received Import Request.
  Time since last request: 0.000207 seconds.
  path: Assets/Sprites/Tilemap/basictiles_11.asset
  artifactKey: Guid(81258bbba43501f48903a986013bd402) Importer(815301076,1909f56bfc062723c751e8b465ee728b)
Start importing Assets/Sprites/Tilemap/basictiles_11.asset using Guid(81258bbba43501f48903a986013bd402) Importer(815301076,1909f56bfc062723c751e8b465ee728b)  -> (artifact id: 'd1545cdf3569d1b063745e4384d4cb9d') in 0.005122 seconds 
  Import took 0.008323 seconds .

========================================================================
Received Import Request.
  Time since last request: 0.000273 seconds.
  path: Assets/Sprites/Tilemap/basictiles_51.asset
  artifactKey: Guid(7b378b33b955e024c988083348c66825) Importer(815301076,1909f56bfc062723c751e8b465ee728b)
Start importing Assets/Sprites/Tilemap/basictiles_51.asset using Guid(7b378b33b955e024c988083348c66825) Importer(815301076,1909f56bfc062723c751e8b465ee728b)  -> (artifact id: '0e52467120f9e6980a76822102f1de5b') in 0.004888 seconds 
  Import took 0.007852 seconds .

========================================================================
Received Import Request.
  Time since last request: 1.529791 seconds.
  path: Assets/Sprites/Tilemap/basictiles_73.asset
  artifactKey: Guid(0f6c9cb4315460f4c8a485e6a2cfa61b) Importer(815301076,1909f56bfc062723c751e8b465ee728b)
Start importing Assets/Sprites/Tilemap/basictiles_73.asset using Guid(0f6c9cb4315460f4c8a485e6a2cfa61b) Importer(815301076,1909f56bfc062723c751e8b465ee728b)  -> (artifact id: 'a97de2a7cafce233495d32dc11ff8354') in 0.005289 seconds 
  Import took 0.008323 seconds .

========================================================================
Received Import Request.
  Time since last request: 0.000270 seconds.
  path: Assets/Sprites/Tilemap/basictiles_85.asset
  artifactKey: Guid(530bebf9eec1e1745be0322d818bab9a) Importer(815301076,1909f56bfc062723c751e8b465ee728b)
Start importing Assets/Sprites/Tilemap/basictiles_85.asset using Guid(530bebf9eec1e1745be0322d818bab9a) Importer(815301076,1909f56bfc062723c751e8b465ee728b)  -> (artifact id: 'e4b4fa58544b0e68c3907b9ace044b2a') in 0.005650 seconds 
  Import took 0.008742 seconds .

========================================================================
Received Import Request.
  Time since last request: 0.000485 seconds.
  path: Assets/Sprites/Tilemap/basictiles_79.asset
  artifactKey: Guid(c750bab33183acd4bbdc96c55bb603cb) Importer(815301076,1909f56bfc062723c751e8b465ee728b)
Start importing Assets/Sprites/Tilemap/basictiles_79.asset using Guid(c750bab33183acd4bbdc96c55bb603cb) Importer(815301076,1909f56bfc062723c751e8b465ee728b)  -> (artifact id: '009b85da5b74b047bbf4c88e3650861d') in 0.004978 seconds 
  Import took 0.008154 seconds .

========================================================================
Received Import Request.
  Time since last request: 0.000368 seconds.
  path: Assets/Sprites/Tilemap/basictiles_97.asset
  artifactKey: Guid(a84652374b191ec44896c6cfe71518ee) Importer(815301076,1909f56bfc062723c751e8b465ee728b)
Start importing Assets/Sprites/Tilemap/basictiles_97.asset using Guid(a84652374b191ec44896c6cfe71518ee) Importer(815301076,1909f56bfc062723c751e8b465ee728b)  -> (artifact id: '44278a4ad6582c67e11580169077dfd2') in 0.005463 seconds 
  Import took 0.009142 seconds .

========================================================================
Received Import Request.
  Time since last request: 0.000335 seconds.
  path: Assets/Sprites/Tilemap/basictiles_80.asset
  artifactKey: Guid(5275d3f215be66646bffc98ec8b98048) Importer(815301076,1909f56bfc062723c751e8b465ee728b)
Start importing Assets/Sprites/Tilemap/basictiles_80.asset using Guid(5275d3f215be66646bffc98ec8b98048) Importer(815301076,1909f56bfc062723c751e8b465ee728b)  -> (artifact id: '1c92dfe518b7c5b795dbeab95b3cd1f2') in 0.005648 seconds 
  Import took 0.009264 seconds .

========================================================================
Received Import Request.
  Time since last request: 0.000346 seconds.
  path: Assets/Sprites/Tilemap/basictiles_92.asset
  artifactKey: Guid(1d63be6cc58957544a6a873d0af5a8ce) Importer(815301076,1909f56bfc062723c751e8b465ee728b)
Start importing Assets/Sprites/Tilemap/basictiles_92.asset using Guid(1d63be6cc58957544a6a873d0af5a8ce) Importer(815301076,1909f56bfc062723c751e8b465ee728b)  -> (artifact id: '1b649d4a523f305a85582840344c2a67') in 0.005053 seconds 
  Import took 0.008110 seconds .

========================================================================
Received Import Request.
  Time since last request: 0.000285 seconds.
  path: Assets/Sprites/Tilemap/basictiles_89.asset
  artifactKey: Guid(3c0b1fcb1993d904a80617ba53cad571) Importer(815301076,1909f56bfc062723c751e8b465ee728b)
Start importing Assets/Sprites/Tilemap/basictiles_89.asset using Guid(3c0b1fcb1993d904a80617ba53cad571) Importer(815301076,1909f56bfc062723c751e8b465ee728b)  -> (artifact id: '98fa6e6a4a16bfd706652bb3df18570b') in 0.004951 seconds 
  Import took 0.007883 seconds .

========================================================================
Received Import Request.
  Time since last request: 0.000420 seconds.
  path: Assets/Sprites/Tilemap/basictiles_90.asset
  artifactKey: Guid(48a8bcad26fd2904f98849f4d5f11d44) Importer(815301076,1909f56bfc062723c751e8b465ee728b)
Start importing Assets/Sprites/Tilemap/basictiles_90.asset using Guid(48a8bcad26fd2904f98849f4d5f11d44) Importer(815301076,1909f56bfc062723c751e8b465ee728b)  -> (artifact id: 'e5c54b32a4fe20f519948d4cc40f6b54') in 0.005216 seconds 
  Import took 0.008318 seconds .

========================================================================
Received Import Request.
  Time since last request: 0.000284 seconds.
  path: Assets/Sprites/Tilemap/Tilemap.prefab
  artifactKey: Guid(5d076d41c4352494ebafb3d7bfbab4ed) Importer(815301076,1909f56bfc062723c751e8b465ee728b)
Start importing Assets/Sprites/Tilemap/Tilemap.prefab using Guid(5d076d41c4352494ebafb3d7bfbab4ed) Importer(815301076,1909f56bfc062723c751e8b465ee728b)  -> (artifact id: '21e9ecddb35c42a5be1d078587c42995') in 0.093247 seconds 
  Import took 0.096862 seconds .

========================================================================
Received Import Request.
  Time since last request: 0.000255 seconds.
  path: Assets/Sprites/Tilemap/basictiles_78.asset
  artifactKey: Guid(20f902a2724f4634ab5098708b17b912) Importer(815301076,1909f56bfc062723c751e8b465ee728b)
Start importing Assets/Sprites/Tilemap/basictiles_78.asset using Guid(20f902a2724f4634ab5098708b17b912) Importer(815301076,1909f56bfc062723c751e8b465ee728b)  -> (artifact id: '780075e756d362212e7834e5ad4ebb7c') in 0.004706 seconds 
  Import took 0.007780 seconds .

========================================================================
Received Import Request.
  Time since last request: 0.000350 seconds.
  path: Assets/Sprites/Tilemap/basictiles_95.asset
  artifactKey: Guid(b93c4ef41b14ac84cb1006e6e1281f21) Importer(815301076,1909f56bfc062723c751e8b465ee728b)
Start importing Assets/Sprites/Tilemap/basictiles_95.asset using Guid(b93c4ef41b14ac84cb1006e6e1281f21) Importer(815301076,1909f56bfc062723c751e8b465ee728b)  -> (artifact id: 'a5344511e959bce7c1f738a2a4f39004') in 0.004993 seconds 
  Import took 0.008378 seconds .

========================================================================
Received Import Request.
  Time since last request: 0.000276 seconds.
  path: Assets/Sprites/Tilemap/basictiles_74.asset
  artifactKey: Guid(5d1554d406d12bf4ea240fdc646d7a5f) Importer(815301076,1909f56bfc062723c751e8b465ee728b)
Start importing Assets/Sprites/Tilemap/basictiles_74.asset using Guid(5d1554d406d12bf4ea240fdc646d7a5f) Importer(815301076,1909f56bfc062723c751e8b465ee728b)  -> (artifact id: '2e578eabc6039a33e5a61f11a5f66fb0') in 0.005198 seconds 
  Import took 0.009080 seconds .

========================================================================
Received Import Request.
  Time since last request: 0.000238 seconds.
  path: Assets/Sprites/Tilemap/basictiles_76.asset
  artifactKey: Guid(aa7f785c1c88aea4bb3e14e9d7aeddd1) Importer(815301076,1909f56bfc062723c751e8b465ee728b)
Start importing Assets/Sprites/Tilemap/basictiles_76.asset using Guid(aa7f785c1c88aea4bb3e14e9d7aeddd1) Importer(815301076,1909f56bfc062723c751e8b465ee728b)  -> (artifact id: 'cf592e4ed9925aa27a8e34f40ac7d7d9') in 0.005025 seconds 
  Import took 0.008165 seconds .

========================================================================
Received Import Request.
  Time since last request: 0.000293 seconds.
  path: Assets/Sprites/Tilemap/basictiles_75.asset
  artifactKey: Guid(e683ad5e06c5b9941b8475cc1ce36f52) Importer(815301076,1909f56bfc062723c751e8b465ee728b)
Start importing Assets/Sprites/Tilemap/basictiles_75.asset using Guid(e683ad5e06c5b9941b8475cc1ce36f52) Importer(815301076,1909f56bfc062723c751e8b465ee728b)  -> (artifact id: '1f527edb9ab4b719a241ff539f9e970b') in 0.004851 seconds 
  Import took 0.007865 seconds .

========================================================================
Received Import Request.
  Time since last request: 0.000273 seconds.
  path: Assets/Sprites/Tilemap/basictiles_77.asset
  artifactKey: Guid(563fbf0457a42ff438a86d8427ab5896) Importer(815301076,1909f56bfc062723c751e8b465ee728b)
Start importing Assets/Sprites/Tilemap/basictiles_77.asset using Guid(563fbf0457a42ff438a86d8427ab5896) Importer(815301076,1909f56bfc062723c751e8b465ee728b)  -> (artifact id: 'de93945b44f931e79b062cc703dd5e0f') in 0.004862 seconds 
  Import took 0.008257 seconds .

========================================================================
Received Import Request.
  Time since last request: 0.000340 seconds.
  path: Assets/Sprites/Tilemap/basictiles_81.asset
  artifactKey: Guid(c9303a25c574b9240ab96a71153ae719) Importer(815301076,1909f56bfc062723c751e8b465ee728b)
Start importing Assets/Sprites/Tilemap/basictiles_81.asset using Guid(c9303a25c574b9240ab96a71153ae719) Importer(815301076,1909f56bfc062723c751e8b465ee728b)  -> (artifact id: 'db274adcf0d1419ab29621bbed7b475c') in 0.005049 seconds 
  Import took 0.008485 seconds .

========================================================================
Received Import Request.
  Time since last request: 0.000279 seconds.
  path: Assets/Sprites/Tilemap/basictiles_83.asset
  artifactKey: Guid(bd4882a5d53d67f44843b317fde65097) Importer(815301076,1909f56bfc062723c751e8b465ee728b)
Start importing Assets/Sprites/Tilemap/basictiles_83.asset using Guid(bd4882a5d53d67f44843b317fde65097) Importer(815301076,1909f56bfc062723c751e8b465ee728b)  -> (artifact id: '15fecb23c859e7522aabacf38e620217') in 0.004868 seconds 
  Import took 0.008206 seconds .

========================================================================
Received Import Request.
  Time since last request: 0.000285 seconds.
  path: Assets/Sprites/Tilemap/basictiles_91.asset
  artifactKey: Guid(88e04b0c12df17245848a46b7e91986f) Importer(815301076,1909f56bfc062723c751e8b465ee728b)
Start importing Assets/Sprites/Tilemap/basictiles_91.asset using Guid(88e04b0c12df17245848a46b7e91986f) Importer(815301076,1909f56bfc062723c751e8b465ee728b)  -> (artifact id: '590c6b1460ea04526bca23af13cf33d3') in 0.005169 seconds 
  Import took 0.008145 seconds .

========================================================================
Received Import Request.
  Time since last request: 0.000260 seconds.
  path: Assets/Sprites/Tilemap/basictiles_96.asset
  artifactKey: Guid(d7764ac2f1184eb4e9c34ad6c0fa827c) Importer(815301076,1909f56bfc062723c751e8b465ee728b)
Start importing Assets/Sprites/Tilemap/basictiles_96.asset using Guid(d7764ac2f1184eb4e9c34ad6c0fa827c) Importer(815301076,1909f56bfc062723c751e8b465ee728b)  -> (artifact id: 'a1b5f757b64271c38bab19a532b7b602') in 0.005483 seconds 
  Import took 0.008850 seconds .

========================================================================
Received Import Request.
  Time since last request: 0.000280 seconds.
  path: Assets/Sprites/Tilemap/basictiles_93.asset
  artifactKey: Guid(9a1a5d2cfc605ba49ad0c726e2fc65b5) Importer(815301076,1909f56bfc062723c751e8b465ee728b)
Start importing Assets/Sprites/Tilemap/basictiles_93.asset using Guid(9a1a5d2cfc605ba49ad0c726e2fc65b5) Importer(815301076,1909f56bfc062723c751e8b465ee728b)  -> (artifact id: 'b77dbad202285de87121a4406c22097b') in 0.004927 seconds 
  Import took 0.008148 seconds .

========================================================================
Received Import Request.
  Time since last request: 0.000264 seconds.
  path: Assets/Sprites/Tilemap/basictiles_82.asset
  artifactKey: Guid(d66fe14770369e14b837b834349f6711) Importer(815301076,1909f56bfc062723c751e8b465ee728b)
Start importing Assets/Sprites/Tilemap/basictiles_82.asset using Guid(d66fe14770369e14b837b834349f6711) Importer(815301076,1909f56bfc062723c751e8b465ee728b)  -> (artifact id: '30caa979a4fdc178b9a50d8e2b294d2e') in 0.005471 seconds 
  Import took 0.008813 seconds .

========================================================================
Received Prepare
Registering precompiled user dll's ...
Registered in 0.002815 seconds.
Begin MonoManager ReloadAssembly
Native extension for WindowsStandalone target not found
Refreshing native plugins compatible for Editor in 0.47 ms, found 3 plugins.
Preloading 0 native plugins for Editor in 0.00 ms.
Mono: successfully reloaded assembly
- Completed reload, in  0.788 seconds
Domain Reload Profiling:
	ReloadAssembly (789ms)
		BeginReloadAssembly (92ms)
			ExecutionOrderSort (0ms)
			DisableScriptedObjects (4ms)
			BackupInstance (0ms)
			ReleaseScriptingObjects (0ms)
			CreateAndSetChildDomain (28ms)
		EndReloadAssembly (652ms)
			LoadAssemblies (69ms)
			RebuildTransferFunctionScriptingTraits (0ms)
			SetupTypeCache (233ms)
			ReleaseScriptCaches (1ms)
			RebuildScriptCaches (34ms)
			SetupLoadedEditorAssemblies (237ms)
				LogAssemblyErrors (0ms)
				InitializePlatformSupportModulesInManaged (4ms)
				SetLoadedEditorAssemblies (0ms)
				RefreshPlugins (1ms)
				BeforeProcessingInitializeOnLoad (59ms)
				ProcessInitializeOnLoadAttributes (162ms)
				ProcessInitializeOnLoadMethodAttributes (10ms)
				AfterProcessingInitializeOnLoad (2ms)
				EditorAssembliesLoaded (0ms)
			ExecutionOrderSort2 (0ms)
			AwakeInstancesAfterBackupRestoration (7ms)
Platform modules already initialized, skipping
Refreshing native plugins compatible for Editor in 0.45 ms, found 3 plugins.
Preloading 0 native plugins for Editor in 0.00 ms.
Unloading 2173 Unused Serialized files (Serialized files now loaded: 0)
System memory in use before: 98.2 MB.
System memory in use after: 98.3 MB.

Unloading 17 unused Assets to reduce memory usage. Loaded Objects now: 2656.
Total: 2.946200 ms (FindLiveObjects: 0.163300 ms CreateObjectMapping: 0.065000 ms MarkObjects: 2.704000 ms  DeleteObjects: 0.013200 ms)

AssetImportParameters requested are different than current active one (requested -> active):
  custom:framework-win-MediaFoundation: 216162199b28c13a410421893ffa2e32 -> 
  custom:video-decoder-ogg-theora: a1e56fd34408186e4bbccfd4996cb3dc -> 
  custom:container-muxer-webm: aa71ff27fc2769a1b78a27578f13a17b -> 
  custom:container-demuxer-webm: 4f35f7cbe854078d1ac9338744f61a02 -> 
  custom:container-demuxer-ogg: 62fdf1f143b41e24485cea50d1cbac27 -> 
  custom:video-encoder-webm-vp8: eb34c28f22e8b96e1ab97ce403110664 -> 
  custom:video-decoder-webm-vp8: 9c59270c3fd7afecdb556c50c9e8de78 -> 
  custom:audio-decoder-ogg-vorbis: bf7c407c2cedff20999df2af8eb42d56 -> 
  custom:audio-encoder-webm-vorbis: bf7c407c2cedff20999df2af8eb42d56 -> 
AssetImportWorkerClient::OnTransportError - code=2 error=End of file
